2026-07-02 21:52:09 | INFO | ML | === RUN START ===
2026-07-02 21:52:09 | INFO | ML | project=ML
2026-07-02 21:52:09 | INFO | ML | repo_dir=ml-01-intro
2026-07-02 21:52:09 | INFO | ML | python=3.14.0
2026-07-02 21:52:09 | INFO | ML | os=Windows 11
2026-07-02 21:52:09 | INFO | ML | shell=powershell
2026-07-02 21:52:09 | INFO | ML | cwd=.
2026-07-02 21:52:09 | INFO | ML | github_actions=False
2026-07-02 21:52:09 | INFO | ML | === RUN START ===
2026-07-02 21:52:09 | INFO | ML | project=ML
2026-07-02 21:52:09 | INFO | ML | repo_dir=ml-01-intro
2026-07-02 21:52:09 | INFO | ML | python=3.14.0
2026-07-02 21:52:09 | INFO | ML | os=Windows 11
2026-07-02 21:52:09 | INFO | ML | shell=powershell
2026-07-02 21:52:09 | INFO | ML | cwd=.
2026-07-02 21:52:09 | INFO | ML | github_actions=False
2026-07-02 21:52:09 | INFO | ML | ========================
2026-07-02 21:52:09 | INFO | ML | START main()
2026-07-02 21:52:09 | INFO | ML | ========================
2026-07-02 21:52:09 | INFO | ML | Load dataset..............
2026-07-02 21:52:09 | INFO | ML | Loading dataset: hours_scores_case
2026-07-02 21:52:09 | INFO | ML | Loaded: 10 rows, 6 columns
2026-07-02 21:52:09 | DEBUG | ML | 
   hours_studied  practice_quizzes  attendance_pct  sleep_hours  prior_score  score
0            2.0                 1              72          6.0           58     62
1            3.5                 2              80          6.5           61     68
2            4.0                 3              85          7.0           64     72
3            5.0                 3              88          7.5           66     76
4            6.0                 4              90          7.0           70     81
2026-07-02 21:52:09 | INFO | ML | Inspect dataset...........
2026-07-02 21:52:09 | INFO | ML | Column names
2026-07-02 21:52:09 | DEBUG | ML | ['hours_studied', 'practice_quizzes', 'attendance_pct', 'sleep_hours', 'prior_score', 'score']
2026-07-02 21:52:09 | INFO | ML | DataFrame info
2026-07-02 21:52:09 | INFO | ML | Dataset shape: 10 rows, 6 columns
2026-07-02 21:52:09 | INFO | ML | Check data quality........
2026-07-02 21:52:09 | INFO | ML | Missing values by column
2026-07-02 21:52:09 | DEBUG | ML | 
hours_studied       0
practice_quizzes    0
attendance_pct      0
sleep_hours         0
prior_score         0
score               0
dtype: int64
2026-07-02 21:52:09 | INFO | ML | Duplicate row count: 0
2026-07-02 21:52:09 | INFO | ML | Create clean view.........
2026-07-02 21:52:09 | INFO | ML | Creating clean modeling view
2026-07-02 21:52:09 | INFO | ML | Clean view: 10 rows, 6 columns
2026-07-02 21:52:09 | INFO | ML | Train supervised model....
2026-07-02 21:52:09 | INFO | ML | Training LinearRegression model
2026-07-02 21:52:09 | INFO | ML | Mean absolute error: 0.48
2026-07-02 21:52:09 | INFO | ML | R-squared: 1.00
2026-07-02 21:52:09 | INFO | ML | Predict one case..........
2026-07-02 21:52:09 | INFO | ML | Predicting one new case
2026-07-02 21:52:09 | INFO | ML | New case:
   hours_studied  practice_quizzes  attendance_pct  sleep_hours  prior_score
0            6.5                 4              92          7.0           72
2026-07-02 21:52:09 | INFO | ML | Predicted score: 83.4
2026-07-02 21:52:09 | INFO | ML | Create charts.............
2026-07-02 21:52:09 | INFO | ML | Creating chart: hours studied vs score
2026-07-02 21:52:11 | INFO | ML | Creating chart: model coefficients
2026-07-02 21:52:11 | INFO | ML | Got a figure Figure(900x500) and axes Axes(0.125,0.11;0.775x0.77) from plt.subplots().
2026-07-02 21:52:11 | INFO | ML | Summarize workflow........
2026-07-02 21:52:11 | INFO | ML | ========================
2026-07-02 21:52:11 | INFO | ML | SUMMARY
2026-07-02 21:52:11 | INFO | ML | ========================
2026-07-02 21:52:11 | INFO | ML | Dataset: hours_scores_case
2026-07-02 21:52:11 | INFO | ML | Original rows: 10
2026-07-02 21:52:11 | INFO | ML | Clean rows: 10
2026-07-02 21:52:11 | INFO | ML | Features: ['hours_studied', 'practice_quizzes', 'attendance_pct', 'sleep_hours', 'prior_score']
2026-07-02 21:52:11 | INFO | ML | Target: score
2026-07-02 21:52:11 | INFO | ML | ----- in a script, call plt.show() once at the end to display all charts -----
2026-07-02 21:52:11 | INFO | ML | ----- in a script, CLOSE the chart windows with the close button to CONTINUE -----
2026-07-02 21:53:26 | INFO | ML | Workflow complete
2026-07-02 21:53:26 | INFO | ML | IMPORTANT: This script creates chart windows.
2026-07-02 21:53:26 | INFO | ML | Close chart windows and terminate this process with CTRL+c as needed.
2026-07-02 21:53:26 | INFO | ML | ========================
2026-07-02 21:53:26 | INFO | ML | Executed successfully!
2026-07-02 21:53:26 | INFO | ML | ========================
2026-07-02 21:55:40 | INFO | M01 | === RUN START ===
2026-07-02 21:55:40 | INFO | M01 | project=M01
2026-07-02 21:55:40 | INFO | M01 | repo_dir=ml-01-intro
2026-07-02 21:55:40 | INFO | M01 | python=3.14.0
2026-07-02 21:55:40 | INFO | M01 | os=Windows 11
2026-07-02 21:55:40 | INFO | M01 | shell=powershell
2026-07-02 21:55:40 | INFO | M01 | cwd=notebooks
2026-07-02 21:55:40 | INFO | M01 | github_actions=False
2026-07-02 21:55:40 | INFO | M01 | Confirming installation:
2026-07-02 21:55:40 | INFO | M01 |   python:       3.14.0
2026-07-02 21:55:40 | INFO | M01 |   pandas:       3.0.3
2026-07-02 21:55:40 | INFO | M01 |   numpy:        2.5.0
2026-07-02 21:55:40 | INFO | M01 |   scikit-learn: 1.9.0
2026-07-02 21:55:40 | INFO | M01 |   seaborn:      0.13.2
2026-07-02 21:55:40 | INFO | M01 |   matplotlib:   3.11.0
2026-07-02 21:55:40 | INFO | M01 | Built-in Seaborn datasets: ['anagrams', 'anscombe', 'attention', 'brain_networks', 'car_crashes', 'diamonds', 'dots', 'dowjones', 'exercise', 'flights', 'fmri', 'geyser', 'glue', 'healthexp', 'iris', 'mpg', 'penguins', 'planets', 'seaice', 'taxis', 'tips', 'titanic']
2026-07-02 21:55:40 | INFO | M01 | Loading dataset: penguins
2026-07-02 21:55:40 | INFO | M01 | Loaded: 344 rows (instances), 7 columns
2026-07-02 21:55:40 | INFO | M01 | Instances (rows): 344
2026-07-02 21:55:40 | INFO | M01 | Columns:          7
2026-07-02 21:55:40 | INFO | M01 | Numeric columns (regression target / numeric feature): ['bill_length_mm', 'bill_depth_mm', 'flipper_length_mm', 'body_mass_g']
2026-07-02 21:55:40 | INFO | M01 | Categorical columns (classification target / category): ['species', 'island', 'sex']
2026-07-02 21:55:40 | INFO | M01 | Missing values by column:
species               0
island                0
bill_length_mm        2
bill_depth_mm         2
flipper_length_mm     2
body_mass_g           2
sex                  11
dtype: int64
2026-07-02 21:55:40 | INFO | M01 | Missing values across all columns: 19
2026-07-02 21:55:40 | DEBUG | M01 | First rows:
2026-07-02 21:55:40 | DEBUG | M01 | 
  species     island  bill_length_mm  bill_depth_mm  flipper_length_mm  body_mass_g     sex
0  Adelie  Torgersen            39.1           18.7              181.0       3750.0    Male
1  Adelie  Torgersen            39.5           17.4              186.0       3800.0  Female
2  Adelie  Torgersen            40.3           18.0              195.0       3250.0  Female
3  Adelie  Torgersen             NaN            NaN                NaN          NaN     NaN
4  Adelie  Torgersen            36.7           19.3              193.0       3450.0  Female
2026-07-02 21:55:41 | INFO | M01 | Chosen target (y): species
2026-07-02 21:55:41 | INFO | M01 | Target is numeric? False
2026-07-02 21:55:41 | INFO | M01 | Implied problem type: classification (we want to predict a category)
2026-07-02 21:55:41 | INFO | M01 | Candidate features (X): ['island', 'bill_length_mm', 'bill_depth_mm', 'flipper_length_mm', 'body_mass_g', 'sex']
2026-07-02 21:55:41 | INFO | M01 | ========================
2026-07-02 21:55:41 | INFO | M01 | SUMMARY OF KEY FACTS
2026-07-02 21:55:41 | INFO | M01 | ========================
2026-07-02 21:55:41 | INFO | M01 | Dataset:           penguins
2026-07-02 21:55:41 | INFO | M01 | Instances:         344
2026-07-02 21:55:41 | INFO | M01 | Candidate target:  species
2026-07-02 21:55:41 | INFO | M01 | Problem type:      classification (we want to predict a category)
2026-07-02 21:55:41 | INFO | M01 | Candidate features: ['island', 'bill_length_mm', 'bill_depth_mm', 'flipper_length_mm', 'body_mass_g', 'sex']
2026-07-02 21:55:41 | INFO | M01 | ========================
2026-07-02 22:43:01 | INFO | ML | === RUN START ===
2026-07-02 22:43:01 | INFO | ML | project=ML
2026-07-02 22:43:01 | INFO | ML | repo_dir=ml-01-intro
2026-07-02 22:43:01 | INFO | ML | python=3.14.0
2026-07-02 22:43:01 | INFO | ML | os=Windows 11
2026-07-02 22:43:01 | INFO | ML | shell=powershell
2026-07-02 22:43:01 | INFO | ML | cwd=.
2026-07-02 22:43:01 | INFO | ML | github_actions=False
2026-07-02 22:43:01 | INFO | ML | === RUN START ===
2026-07-02 22:43:01 | INFO | ML | project=ML
2026-07-02 22:43:01 | INFO | ML | repo_dir=ml-01-intro
2026-07-02 22:43:01 | INFO | ML | python=3.14.0
2026-07-02 22:43:01 | INFO | ML | os=Windows 11
2026-07-02 22:43:01 | INFO | ML | shell=powershell
2026-07-02 22:43:01 | INFO | ML | cwd=.
2026-07-02 22:43:01 | INFO | ML | github_actions=False
2026-07-02 22:43:01 | INFO | ML | ========================
2026-07-02 22:43:01 | INFO | ML | START main()
2026-07-02 22:43:01 | INFO | ML | ========================
2026-07-02 22:43:01 | INFO | ML | Load dataset..............
2026-07-02 22:43:01 | INFO | ML | Loading dataset: hours_scores_case
2026-07-02 22:43:01 | INFO | ML | Loaded: 10 rows, 6 columns
2026-07-02 22:43:01 | DEBUG | ML | 
   hours_studied  practice_quizzes  attendance_pct  sleep_hours  prior_score  score
0            2.0                 1              72          6.0           58     62
1            3.5                 2              80          6.5           61     68
2            4.0                 3              85          7.0           64     72
3            5.0                 3              88          7.5           66     76
4            6.0                 4              90          7.0           70     81
2026-07-02 22:43:01 | INFO | ML | Inspect dataset...........
2026-07-02 22:43:01 | INFO | ML | Column names
2026-07-02 22:43:01 | DEBUG | ML | ['hours_studied', 'practice_quizzes', 'attendance_pct', 'sleep_hours', 'prior_score', 'score']
2026-07-02 22:43:01 | INFO | ML | DataFrame info
2026-07-02 22:43:01 | INFO | ML | Dataset shape: 10 rows, 6 columns
2026-07-02 22:43:01 | INFO | ML | Check data quality........
2026-07-02 22:43:01 | INFO | ML | Missing values by column
2026-07-02 22:43:01 | DEBUG | ML | 
hours_studied       0
practice_quizzes    0
attendance_pct      0
sleep_hours         0
prior_score         0
score               0
dtype: int64
2026-07-02 22:43:01 | INFO | ML | Duplicate row count: 0
2026-07-02 22:43:01 | INFO | ML | Create clean view.........
2026-07-02 22:43:01 | INFO | ML | Creating clean modeling view
2026-07-02 22:43:01 | INFO | ML | Clean view: 10 rows, 6 columns
2026-07-02 22:43:01 | INFO | ML | Train supervised model....
2026-07-02 22:43:01 | INFO | ML | Training LinearRegression model
2026-07-02 22:43:02 | INFO | ML | Mean absolute error: 0.48
2026-07-02 22:43:02 | INFO | ML | R-squared: 1.00
2026-07-02 22:43:02 | INFO | ML | Predict one case..........
2026-07-02 22:43:02 | INFO | ML | Predicting one new case
2026-07-02 22:43:02 | INFO | ML | New case:
   hours_studied  practice_quizzes  attendance_pct  sleep_hours  prior_score
0            6.5                 4              92          7.0           72
2026-07-02 22:43:02 | INFO | ML | Predicted score: 83.4
2026-07-02 22:43:02 | INFO | ML | Create charts.............
2026-07-02 22:43:02 | INFO | ML | Creating chart: hours studied vs score
2026-07-02 22:43:02 | INFO | ML | Creating chart: model coefficients
2026-07-02 22:43:02 | INFO | ML | Got a figure Figure(900x500) and axes Axes(0.125,0.11;0.775x0.77) from plt.subplots().
2026-07-02 22:43:02 | INFO | ML | Summarize workflow........
2026-07-02 22:43:02 | INFO | ML | ========================
2026-07-02 22:43:02 | INFO | ML | SUMMARY
2026-07-02 22:43:02 | INFO | ML | ========================
2026-07-02 22:43:02 | INFO | ML | Dataset: hours_scores_case
2026-07-02 22:43:02 | INFO | ML | Original rows: 10
2026-07-02 22:43:02 | INFO | ML | Clean rows: 10
2026-07-02 22:43:02 | INFO | ML | Features: ['hours_studied', 'practice_quizzes', 'attendance_pct', 'sleep_hours', 'prior_score']
2026-07-02 22:43:02 | INFO | ML | Target: score
2026-07-02 22:43:02 | INFO | ML | ----- in a script, call plt.show() once at the end to display all charts -----
2026-07-02 22:43:02 | INFO | ML | ----- in a script, CLOSE the chart windows with the close button to CONTINUE -----
2026-07-02 22:43:02 | INFO | ML | Workflow complete
2026-07-02 22:43:02 | INFO | ML | IMPORTANT: This script creates chart windows.
2026-07-02 22:43:02 | INFO | ML | Close chart windows and terminate this process with CTRL+c as needed.
2026-07-02 22:43:02 | INFO | ML | ========================
2026-07-02 22:43:02 | INFO | ML | Executed successfully!
2026-07-02 22:43:02 | INFO | ML | ========================
2026-07-04 03:09:08 | INFO | ML | === RUN START ===
2026-07-04 03:09:08 | INFO | ML | project=ML
2026-07-04 03:09:08 | INFO | ML | repo_dir=ml-01-intro
2026-07-04 03:09:08 | INFO | ML | python=3.14.0
2026-07-04 03:09:08 | INFO | ML | os=Windows 11
2026-07-04 03:09:08 | INFO | ML | shell=powershell
2026-07-04 03:09:08 | INFO | ML | cwd=.
2026-07-04 03:09:08 | INFO | ML | github_actions=False
2026-07-04 03:09:08 | INFO | ML | === RUN START ===
2026-07-04 03:09:08 | INFO | ML | project=ML
2026-07-04 03:09:08 | INFO | ML | repo_dir=ml-01-intro
2026-07-04 03:09:08 | INFO | ML | python=3.14.0
2026-07-04 03:09:08 | INFO | ML | os=Windows 11
2026-07-04 03:09:08 | INFO | ML | shell=powershell
2026-07-04 03:09:08 | INFO | ML | cwd=.
2026-07-04 03:09:08 | INFO | ML | github_actions=False
2026-07-04 03:09:08 | INFO | ML | ========================
2026-07-04 03:09:08 | INFO | ML | START main()
2026-07-04 03:09:08 | INFO | ML | ========================
2026-07-04 03:09:08 | INFO | ML | Load dataset..............
2026-07-04 03:09:08 | INFO | ML | Loading dataset: hours_scores_case
2026-07-04 03:09:08 | INFO | ML | Loaded: 10 rows, 6 columns
2026-07-04 03:09:08 | DEBUG | ML | 
   hours_studied  practice_quizzes  attendance_pct  sleep_hours  prior_score  score
0            2.0                 1              72          6.0           58     62
1            3.5                 2              80          6.5           61     68
2            4.0                 3              85          7.0           64     72
3            5.0                 3              88          7.5           66     76
4            6.0                 4              90          7.0           70     81
2026-07-04 03:09:08 | INFO | ML | Inspect dataset...........
2026-07-04 03:09:08 | INFO | ML | Column names
2026-07-04 03:09:08 | DEBUG | ML | ['hours_studied', 'practice_quizzes', 'attendance_pct', 'sleep_hours', 'prior_score', 'score']
2026-07-04 03:09:08 | INFO | ML | DataFrame info
2026-07-04 03:09:08 | INFO | ML | Dataset shape: 10 rows, 6 columns
2026-07-04 03:09:08 | INFO | ML | Check data quality........
2026-07-04 03:09:08 | INFO | ML | Missing values by column
2026-07-04 03:09:08 | DEBUG | ML | 
hours_studied       0
practice_quizzes    0
attendance_pct      0
sleep_hours         0
prior_score         0
score               0
dtype: int64
2026-07-04 03:09:08 | INFO | ML | Duplicate row count: 0
2026-07-04 03:09:08 | INFO | ML | Create clean view.........
2026-07-04 03:09:08 | INFO | ML | Creating clean modeling view
2026-07-04 03:09:08 | INFO | ML | Clean view: 10 rows, 6 columns
2026-07-04 03:09:08 | INFO | ML | Train supervised model....
2026-07-04 03:09:08 | INFO | ML | Training LinearRegression model
2026-07-04 03:09:08 | INFO | ML | Mean absolute error: 0.48
2026-07-04 03:09:08 | INFO | ML | Root mean squared error: 0.53
2026-07-04 03:09:08 | INFO | ML | R-squared: 1.00
2026-07-04 03:09:08 | INFO | ML | Predict one case..........
2026-07-04 03:09:08 | INFO | ML | Predicting one new case
2026-07-04 03:09:08 | INFO | ML | New case:
   hours_studied  practice_quizzes  attendance_pct  sleep_hours  prior_score
0            6.5                 4              92          7.0           72
2026-07-04 03:09:08 | INFO | ML | Predicted score: 83.4
2026-07-04 03:09:08 | INFO | ML | Create charts.............
2026-07-04 03:09:08 | INFO | ML | Creating chart: hours studied vs score
2026-07-04 03:09:08 | INFO | ML | Creating chart: model coefficients
2026-07-04 03:09:08 | INFO | ML | Summarize workflow........
2026-07-04 03:09:08 | INFO | ML | ========================
2026-07-04 03:09:08 | INFO | ML | SUMMARY
2026-07-04 03:09:08 | INFO | ML | ========================
2026-07-04 03:09:08 | INFO | ML | Dataset: hours_scores_case
2026-07-04 03:09:08 | INFO | ML | Original rows: 10
2026-07-04 03:09:08 | INFO | ML | Clean rows: 10
2026-07-04 03:09:08 | INFO | ML | Features: ['hours_studied', 'practice_quizzes', 'attendance_pct', 'sleep_hours', 'prior_score']
2026-07-04 03:09:08 | INFO | ML | Target: score
2026-07-04 03:09:08 | INFO | ML | ----- in a script, call plt.show() once at the end to display all charts -----
2026-07-04 03:09:08 | INFO | ML | ----- in a script, CLOSE the chart windows with the close button to CONTINUE -----
2026-07-04 03:09:08 | INFO | ML | Workflow complete
2026-07-04 03:09:08 | INFO | ML | ========================
2026-07-04 03:09:08 | INFO | ML | Executed successfully!
2026-07-04 03:09:08 | INFO | ML | ========================
2026-07-04 03:18:49 | INFO | ML | === RUN START ===
2026-07-04 03:18:49 | INFO | ML | project=ML
2026-07-04 03:18:49 | INFO | ML | repo_dir=ml-01-intro
2026-07-04 03:18:49 | INFO | ML | python=3.14.0
2026-07-04 03:18:49 | INFO | ML | os=Windows 11
2026-07-04 03:18:49 | INFO | ML | shell=powershell
2026-07-04 03:18:49 | INFO | ML | cwd=.
2026-07-04 03:18:49 | INFO | ML | github_actions=False
2026-07-04 03:18:49 | INFO | ML | === RUN START ===
2026-07-04 03:18:49 | INFO | ML | project=ML
2026-07-04 03:18:49 | INFO | ML | repo_dir=ml-01-intro
2026-07-04 03:18:49 | INFO | ML | python=3.14.0
2026-07-04 03:18:49 | INFO | ML | os=Windows 11
2026-07-04 03:18:49 | INFO | ML | shell=powershell
2026-07-04 03:18:49 | INFO | ML | cwd=.
2026-07-04 03:18:49 | INFO | ML | github_actions=False
2026-07-04 03:18:49 | INFO | ML | ========================
2026-07-04 03:18:49 | INFO | ML | START main()
2026-07-04 03:18:49 | INFO | ML | ========================
2026-07-04 03:18:49 | INFO | ML | Load dataset..............
2026-07-04 03:18:49 | INFO | ML | Loading dataset: diabetes
2026-07-04 03:18:49 | INFO | ML | Loaded: 70692 rows, 22 columns
2026-07-04 03:18:49 | DEBUG | ML | 
   Diabetes_binary  HighBP  HighChol  CholCheck   BMI  Smoker  Stroke  HeartDiseaseorAttack  PhysActivity  Fruits  \
0              0.0     1.0       0.0        1.0  26.0     0.0     0.0                   0.0           1.0     0.0   
1              0.0     1.0       1.0        1.0  26.0     1.0     1.0                   0.0           0.0     1.0   
2              0.0     0.0       0.0        1.0  26.0     0.0     0.0                   0.0           1.0     1.0   
3              0.0     1.0       1.0        1.0  28.0     1.0     0.0                   0.0           1.0     1.0   
4              0.0     0.0       0.0        1.0  29.0     1.0     0.0                   0.0           1.0     1.0   

   Veggies  HvyAlcoholConsump  AnyHealthcare  NoDocbcCost  GenHlth  MentHlth  PhysHlth  DiffWalk  Sex   Age  \
0      1.0                0.0            1.0          0.0      3.0       5.0      30.0       0.0  1.0   4.0   
1      0.0                0.0            1.0          0.0      3.0       0.0       0.0       0.0  1.0  12.0   
2      1.0                0.0            1.0          0.0      1.0       0.0      10.0       0.0  1.0  13.0   
3      1.0                0.0            1.0          0.0      3.0       0.0       3.0       0.0  1.0  11.0   
4      1.0                0.0            1.0          0.0      2.0       0.0       0.0       0.0  0.0   8.0   

   Education  Income  
0        6.0     8.0  
1        6.0     8.0  
2        6.0     8.0  
3        6.0     8.0  
4        5.0     8.0  
2026-07-04 03:18:49 | INFO | ML | Inspect dataset...........
2026-07-04 03:18:49 | INFO | ML | Column names
2026-07-04 03:18:49 | DEBUG | ML | ['Diabetes_binary', 'HighBP', 'HighChol', 'CholCheck', 'BMI', 'Smoker', 'Stroke', 'HeartDiseaseorAttack', 'PhysActivity', 'Fruits', 'Veggies', 'HvyAlcoholConsump', 'AnyHealthcare', 'NoDocbcCost', 'GenHlth', 'MentHlth', 'PhysHlth', 'DiffWalk', 'Sex', 'Age', 'Education', 'Income']
2026-07-04 03:18:49 | INFO | ML | DataFrame info
2026-07-04 03:18:49 | INFO | ML | Dataset shape: 70692 rows, 22 columns
2026-07-04 03:18:49 | INFO | ML | Target class balance (0 = no diabetes, 1 = diabetes/prediabetes)
2026-07-04 03:18:49 | INFO | ML | 
Diabetes_binary
0.0    35346
1.0    35346
Name: count, dtype: int64
2026-07-04 03:18:49 | INFO | ML | Check data quality........
2026-07-04 03:18:49 | INFO | ML | Missing values by column
2026-07-04 03:18:49 | DEBUG | ML | 
Diabetes_binary         0
HighBP                  0
HighChol                0
CholCheck               0
BMI                     0
Smoker                  0
Stroke                  0
HeartDiseaseorAttack    0
PhysActivity            0
Fruits                  0
Veggies                 0
HvyAlcoholConsump       0
AnyHealthcare           0
NoDocbcCost             0
GenHlth                 0
MentHlth                0
PhysHlth                0
DiffWalk                0
Sex                     0
Age                     0
Education               0
Income                  0
dtype: int64
2026-07-04 03:18:49 | INFO | ML | Duplicate row count: 1635
2026-07-04 03:18:49 | INFO | ML | Create clean view.........
2026-07-04 03:18:49 | INFO | ML | Creating clean modeling view
2026-07-04 03:18:49 | INFO | ML | Clean view: 70692 rows, 11 columns
2026-07-04 03:18:49 | INFO | ML | Train supervised model....
2026-07-04 03:18:49 | INFO | ML | Training LogisticRegression model
2026-07-04 03:18:49 | INFO | ML | Accuracy on test set: 0.745
2026-07-04 03:18:49 | INFO | ML | Confusion matrix (rows = actual 0/1, columns = predicted 0/1):
          pred 0  pred 1
actual 0    5132    1958
actual 1    1653    5396
2026-07-04 03:18:49 | INFO | ML | Predict one case..........
2026-07-04 03:18:49 | INFO | ML | Predicting one new case
2026-07-04 03:18:49 | INFO | ML | New case:
   HighBP  HighChol   BMI  Smoker  Stroke  HeartDiseaseorAttack  PhysActivity  GenHlth  DiffWalk  Age
0     1.0       1.0  33.0     0.0     0.0                   0.0           0.0      4.0       0.0  9.0
2026-07-04 03:18:49 | INFO | ML | Predicted class: 1 (1 = diabetes/prediabetes)
2026-07-04 03:18:49 | INFO | ML | Predicted probability of diabetes: 0.82
2026-07-04 03:18:49 | INFO | ML | Create charts.............
2026-07-04 03:18:49 | INFO | ML | Creating chart: BMI by diabetes status
2026-07-04 03:18:49 | INFO | ML | Saved chart: artifacts\diabetes_bmi_by_status_venkat_teja.png
2026-07-04 03:18:49 | INFO | ML | Creating chart: model coefficients
2026-07-04 03:18:50 | INFO | ML | Saved chart: artifacts\diabetes_coefficients_venkat_teja.png
2026-07-04 03:18:50 | INFO | ML | Summarize workflow........
2026-07-04 03:18:50 | INFO | ML | ========================
2026-07-04 03:18:50 | INFO | ML | SUMMARY
2026-07-04 03:18:50 | INFO | ML | ========================
2026-07-04 03:18:50 | INFO | ML | Dataset: diabetes
2026-07-04 03:18:50 | INFO | ML | Original rows: 70692
2026-07-04 03:18:50 | INFO | ML | Clean rows: 70692
2026-07-04 03:18:50 | INFO | ML | Features: ['HighBP', 'HighChol', 'BMI', 'Smoker', 'Stroke', 'HeartDiseaseorAttack', 'PhysActivity', 'GenHlth', 'DiffWalk', 'Age']
2026-07-04 03:18:50 | INFO | ML | Target: Diabetes_binary
2026-07-04 03:18:50 | INFO | ML | Problem type: supervised classification (binary target)
2026-07-04 03:18:50 | INFO | ML | Charts are saved in artifacts/ and also shown in windows.
2026-07-04 03:18:50 | INFO | ML | ----- CLOSE the chart windows to CONTINUE -----
2026-07-04 03:18:50 | INFO | ML | Workflow complete
2026-07-04 03:18:50 | INFO | ML | ========================
2026-07-04 03:18:50 | INFO | ML | Executed successfully!
2026-07-04 03:18:50 | INFO | ML | ========================
2026-07-04 03:20:26 | INFO | ML | === RUN START ===
2026-07-04 03:20:26 | INFO | ML | project=ML
2026-07-04 03:20:26 | INFO | ML | repo_dir=ml-01-intro
2026-07-04 03:20:26 | INFO | ML | python=3.14.0
2026-07-04 03:20:26 | INFO | ML | os=Windows 11
2026-07-04 03:20:26 | INFO | ML | shell=powershell
2026-07-04 03:20:26 | INFO | ML | cwd=.
2026-07-04 03:20:26 | INFO | ML | github_actions=False
2026-07-04 03:21:41 | INFO | ML | === RUN START ===
2026-07-04 03:21:41 | INFO | ML | project=ML
2026-07-04 03:21:41 | INFO | ML | repo_dir=ml-01-intro
2026-07-04 03:21:41 | INFO | ML | python=3.14.0
2026-07-04 03:21:41 | INFO | ML | os=Windows 11
2026-07-04 03:21:41 | INFO | ML | shell=powershell
2026-07-04 03:21:41 | INFO | ML | cwd=.
2026-07-04 03:21:41 | INFO | ML | github_actions=False
2026-07-04 03:21:41 | INFO | ML | === RUN START ===
2026-07-04 03:21:41 | INFO | ML | project=ML
2026-07-04 03:21:41 | INFO | ML | repo_dir=ml-01-intro
2026-07-04 03:21:41 | INFO | ML | python=3.14.0
2026-07-04 03:21:41 | INFO | ML | os=Windows 11
2026-07-04 03:21:41 | INFO | ML | shell=powershell
2026-07-04 03:21:41 | INFO | ML | cwd=.
2026-07-04 03:21:41 | INFO | ML | github_actions=False
2026-07-04 03:21:41 | INFO | ML | ========================
2026-07-04 03:21:41 | INFO | ML | START main()
2026-07-04 03:21:41 | INFO | ML | ========================
2026-07-04 03:21:41 | INFO | ML | Load dataset..............
2026-07-04 03:21:41 | INFO | ML | Loading dataset: hours_scores_case
2026-07-04 03:21:41 | INFO | ML | Loaded: 10 rows, 6 columns
2026-07-04 03:21:41 | DEBUG | ML | 
   hours_studied  practice_quizzes  attendance_pct  sleep_hours  prior_score  score
0            2.0                 1              72          6.0           58     62
1            3.5                 2              80          6.5           61     68
2            4.0                 3              85          7.0           64     72
3            5.0                 3              88          7.5           66     76
4            6.0                 4              90          7.0           70     81
2026-07-04 03:21:41 | INFO | ML | Inspect dataset...........
2026-07-04 03:21:41 | INFO | ML | Column names
2026-07-04 03:21:41 | DEBUG | ML | ['hours_studied', 'practice_quizzes', 'attendance_pct', 'sleep_hours', 'prior_score', 'score']
2026-07-04 03:21:41 | INFO | ML | DataFrame info
2026-07-04 03:21:41 | INFO | ML | Dataset shape: 10 rows, 6 columns
2026-07-04 03:21:41 | INFO | ML | Check data quality........
2026-07-04 03:21:41 | INFO | ML | Missing values by column
2026-07-04 03:21:41 | DEBUG | ML | 
hours_studied       0
practice_quizzes    0
attendance_pct      0
sleep_hours         0
prior_score         0
score               0
dtype: int64
2026-07-04 03:21:41 | INFO | ML | Duplicate row count: 0
2026-07-04 03:21:41 | INFO | ML | Create clean view.........
2026-07-04 03:21:41 | INFO | ML | Creating clean modeling view
2026-07-04 03:21:41 | INFO | ML | Clean view: 10 rows, 6 columns
2026-07-04 03:21:41 | INFO | ML | Train supervised model....
2026-07-04 03:21:41 | INFO | ML | Training LinearRegression model
2026-07-04 03:21:41 | INFO | ML | Mean absolute error: 0.48
2026-07-04 03:21:41 | INFO | ML | Root mean squared error: 0.53
2026-07-04 03:21:41 | INFO | ML | R-squared: 1.00
2026-07-04 03:21:41 | INFO | ML | Predict one case..........
2026-07-04 03:21:41 | INFO | ML | Predicting one new case
2026-07-04 03:21:41 | INFO | ML | New case:
   hours_studied  practice_quizzes  attendance_pct  sleep_hours  prior_score
0            6.5                 4              92          7.0           72
2026-07-04 03:21:41 | INFO | ML | Predicted score: 83.4
2026-07-04 03:21:41 | INFO | ML | Create charts.............
2026-07-04 03:21:41 | INFO | ML | Creating chart: hours studied vs score
2026-07-04 03:21:42 | INFO | ML | Creating chart: model coefficients
2026-07-04 03:21:42 | INFO | ML | Summarize workflow........
2026-07-04 03:21:42 | INFO | ML | ========================
2026-07-04 03:21:42 | INFO | ML | SUMMARY
2026-07-04 03:21:42 | INFO | ML | ========================
2026-07-04 03:21:42 | INFO | ML | Dataset: hours_scores_case
2026-07-04 03:21:42 | INFO | ML | Original rows: 10
2026-07-04 03:21:42 | INFO | ML | Clean rows: 10
2026-07-04 03:21:42 | INFO | ML | Features: ['hours_studied', 'practice_quizzes', 'attendance_pct', 'sleep_hours', 'prior_score']
2026-07-04 03:21:42 | INFO | ML | Target: score
2026-07-04 03:21:42 | INFO | ML | ----- in a script, call plt.show() once at the end to display all charts -----
2026-07-04 03:21:42 | INFO | ML | ----- in a script, CLOSE the chart windows with the close button to CONTINUE -----
2026-07-04 03:21:50 | INFO | ML | Workflow complete
2026-07-04 03:21:50 | INFO | ML | ========================
2026-07-04 03:21:50 | INFO | ML | Executed successfully!
2026-07-04 03:21:50 | INFO | ML | ========================
2026-07-04 03:21:57 | INFO | ML | === RUN START ===
2026-07-04 03:21:57 | INFO | ML | project=ML
2026-07-04 03:21:57 | INFO | ML | repo_dir=ml-01-intro
2026-07-04 03:21:57 | INFO | ML | python=3.14.0
2026-07-04 03:21:57 | INFO | ML | os=Windows 11
2026-07-04 03:21:57 | INFO | ML | shell=powershell
2026-07-04 03:21:57 | INFO | ML | cwd=.
2026-07-04 03:21:57 | INFO | ML | github_actions=False
2026-07-04 03:21:57 | INFO | ML | === RUN START ===
2026-07-04 03:21:57 | INFO | ML | project=ML
2026-07-04 03:21:57 | INFO | ML | repo_dir=ml-01-intro
2026-07-04 03:21:57 | INFO | ML | python=3.14.0
2026-07-04 03:21:57 | INFO | ML | os=Windows 11
2026-07-04 03:21:57 | INFO | ML | shell=powershell
2026-07-04 03:21:57 | INFO | ML | cwd=.
2026-07-04 03:21:57 | INFO | ML | github_actions=False
2026-07-04 03:21:57 | INFO | ML | ========================
2026-07-04 03:21:57 | INFO | ML | START main()
2026-07-04 03:21:57 | INFO | ML | ========================
2026-07-04 03:21:57 | INFO | ML | Load dataset..............
2026-07-04 03:21:57 | INFO | ML | Loading dataset: diabetes
2026-07-04 03:21:57 | INFO | ML | Loaded: 70692 rows, 22 columns
2026-07-04 03:21:57 | DEBUG | ML | 
   Diabetes_binary  HighBP  HighChol  CholCheck   BMI  Smoker  Stroke  HeartDiseaseorAttack  PhysActivity  Fruits  \
0              0.0     1.0       0.0        1.0  26.0     0.0     0.0                   0.0           1.0     0.0   
1              0.0     1.0       1.0        1.0  26.0     1.0     1.0                   0.0           0.0     1.0   
2              0.0     0.0       0.0        1.0  26.0     0.0     0.0                   0.0           1.0     1.0   
3              0.0     1.0       1.0        1.0  28.0     1.0     0.0                   0.0           1.0     1.0   
4              0.0     0.0       0.0        1.0  29.0     1.0     0.0                   0.0           1.0     1.0   

   Veggies  HvyAlcoholConsump  AnyHealthcare  NoDocbcCost  GenHlth  MentHlth  PhysHlth  DiffWalk  Sex   Age  \
0      1.0                0.0            1.0          0.0      3.0       5.0      30.0       0.0  1.0   4.0   
1      0.0                0.0            1.0          0.0      3.0       0.0       0.0       0.0  1.0  12.0   
2      1.0                0.0            1.0          0.0      1.0       0.0      10.0       0.0  1.0  13.0   
3      1.0                0.0            1.0          0.0      3.0       0.0       3.0       0.0  1.0  11.0   
4      1.0                0.0            1.0          0.0      2.0       0.0       0.0       0.0  0.0   8.0   

   Education  Income  
0        6.0     8.0  
1        6.0     8.0  
2        6.0     8.0  
3        6.0     8.0  
4        5.0     8.0  
2026-07-04 03:21:57 | INFO | ML | Inspect dataset...........
2026-07-04 03:21:57 | INFO | ML | Column names
2026-07-04 03:21:57 | DEBUG | ML | ['Diabetes_binary', 'HighBP', 'HighChol', 'CholCheck', 'BMI', 'Smoker', 'Stroke', 'HeartDiseaseorAttack', 'PhysActivity', 'Fruits', 'Veggies', 'HvyAlcoholConsump', 'AnyHealthcare', 'NoDocbcCost', 'GenHlth', 'MentHlth', 'PhysHlth', 'DiffWalk', 'Sex', 'Age', 'Education', 'Income']
2026-07-04 03:21:57 | INFO | ML | DataFrame info
2026-07-04 03:21:57 | INFO | ML | Dataset shape: 70692 rows, 22 columns
2026-07-04 03:21:57 | INFO | ML | Target class balance (0 = no diabetes, 1 = diabetes/prediabetes)
2026-07-04 03:21:57 | INFO | ML | 
Diabetes_binary
0.0    35346
1.0    35346
Name: count, dtype: int64
2026-07-04 03:21:57 | INFO | ML | Check data quality........
2026-07-04 03:21:57 | INFO | ML | Missing values by column
2026-07-04 03:21:57 | DEBUG | ML | 
Diabetes_binary         0
HighBP                  0
HighChol                0
CholCheck               0
BMI                     0
Smoker                  0
Stroke                  0
HeartDiseaseorAttack    0
PhysActivity            0
Fruits                  0
Veggies                 0
HvyAlcoholConsump       0
AnyHealthcare           0
NoDocbcCost             0
GenHlth                 0
MentHlth                0
PhysHlth                0
DiffWalk                0
Sex                     0
Age                     0
Education               0
Income                  0
dtype: int64
2026-07-04 03:21:57 | INFO | ML | Duplicate row count: 1635
2026-07-04 03:21:57 | INFO | ML | Create clean view.........
2026-07-04 03:21:57 | INFO | ML | Creating clean modeling view
2026-07-04 03:21:57 | INFO | ML | Clean view: 70692 rows, 11 columns
2026-07-04 03:21:57 | INFO | ML | Train supervised model....
2026-07-04 03:21:57 | INFO | ML | Training LogisticRegression model
2026-07-04 03:21:57 | INFO | ML | Accuracy on test set: 0.745
2026-07-04 03:21:57 | INFO | ML | Confusion matrix (rows = actual 0/1, columns = predicted 0/1):
          pred 0  pred 1
actual 0    5132    1958
actual 1    1653    5396
2026-07-04 03:21:57 | INFO | ML | Predict one case..........
2026-07-04 03:21:57 | INFO | ML | Predicting one new case
2026-07-04 03:21:57 | INFO | ML | New case:
   HighBP  HighChol   BMI  Smoker  Stroke  HeartDiseaseorAttack  PhysActivity  GenHlth  DiffWalk  Age
0     1.0       1.0  33.0     0.0     0.0                   0.0           0.0      4.0       0.0  9.0
2026-07-04 03:21:57 | INFO | ML | Predicted class: 1 (1 = diabetes/prediabetes)
2026-07-04 03:21:57 | INFO | ML | Predicted probability of diabetes: 0.82
2026-07-04 03:21:57 | INFO | ML | Create charts.............
2026-07-04 03:21:57 | INFO | ML | Creating chart: BMI by diabetes status
2026-07-04 03:21:58 | INFO | ML | Saved chart: artifacts\diabetes_bmi_by_status_venkat_teja.png
2026-07-04 03:21:58 | INFO | ML | Creating chart: model coefficients
2026-07-04 03:21:58 | INFO | ML | Saved chart: artifacts\diabetes_coefficients_venkat_teja.png
2026-07-04 03:21:58 | INFO | ML | Summarize workflow........
2026-07-04 03:21:58 | INFO | ML | ========================
2026-07-04 03:21:58 | INFO | ML | SUMMARY
2026-07-04 03:21:58 | INFO | ML | ========================
2026-07-04 03:21:58 | INFO | ML | Dataset: diabetes
2026-07-04 03:21:58 | INFO | ML | Original rows: 70692
2026-07-04 03:21:58 | INFO | ML | Clean rows: 70692
2026-07-04 03:21:58 | INFO | ML | Features: ['HighBP', 'HighChol', 'BMI', 'Smoker', 'Stroke', 'HeartDiseaseorAttack', 'PhysActivity', 'GenHlth', 'DiffWalk', 'Age']
2026-07-04 03:21:58 | INFO | ML | Target: Diabetes_binary
2026-07-04 03:21:58 | INFO | ML | Problem type: supervised classification (binary target)
2026-07-04 03:21:58 | INFO | ML | Charts are saved in artifacts/ and also shown in windows.
2026-07-04 03:21:58 | INFO | ML | ----- CLOSE the chart windows to CONTINUE -----
2026-07-04 03:22:08 | INFO | ML | Workflow complete
2026-07-04 03:22:08 | INFO | ML | ========================
2026-07-04 03:22:08 | INFO | ML | Executed successfully!
2026-07-04 03:22:08 | INFO | ML | ========================
